HBase Shell; enter 'help<RETURN>' for list of supported commands.
Type "exit<RETURN>" to leave the HBase Shell
Version 1.2.6, rUnknown, Mon May 29 02:25:32 CDT 2017

create 'COMPANY', 'DEPARTMENT', 'EMPLOYEE', 'PROJECT'
0 row(s) in 1.5190 seconds

Hbase::Table - COMPANY

put 'COMPANY', 'D1', 'DEPARTMENT:name', 'Project'
0 row(s) in 0.1550 seconds

put 'COMPANY', 'D1', 'DEPARTMENT:budget', '5000'
0 row(s) in 0.0110 seconds


put 'COMPANY', 'E1', 'EMPLOYEE:enumber', 'E01'
0 row(s) in 0.0040 seconds

put 'COMPANY', 'E1', 'EMPLOYEE:first-name', 'John'
0 row(s) in 0.0050 seconds

put 'COMPANY', 'E1', 'EMPLOYEE:last-name', 'Wick'
0 row(s) in 0.0040 seconds

put 'COMPANY', 'E1', 'EMPLOYEE:salary', '3800'
0 row(s) in 0.0060 seconds


put 'COMPANY', 'E2', 'EMPLOYEE:enumber', 'E02'
0 row(s) in 0.0110 seconds

put 'COMPANY', 'E2', 'EMPLOYEE:first-name', 'Harry'
0 row(s) in 0.0080 seconds

put 'COMPANY', 'E2', 'EMPLOYEE:last-name', 'Porter'
0 row(s) in 0.0080 seconds

put 'COMPANY', 'E2', 'EMPLOYEE:salary', '3500'
0 row(s) in 0.0250 seconds


put 'COMPANY', 'E3', 'EMPLOYEE:enumber', 'E03'
0 row(s) in 0.0070 seconds

put 'COMPANY', 'E3', 'EMPLOYEE:first-name', 'Sam'
0 row(s) in 0.0350 seconds

put 'COMPANY', 'E3', 'EMPLOYEE:last-name', 'Wick'
0 row(s) in 0.0040 seconds

put 'COMPANY', 'E3', 'EMPLOYEE:salary', '3600'
0 row(s) in 0.0050 seconds


put 'COMPANY', 'E2', 'EMPLOYEE:manager', 'E01'
0 row(s) in 0.0060 seconds

put 'COMPANY', 'E3', 'EMPLOYEE:manager', 'E01'
0 row(s) in 0.0070 seconds


put 'COMPANY', 'E1', 'EMPLOYEE:project', 'P01'
0 row(s) in 0.0060 seconds

put 'COMPANY', 'E1', 'EMPLOYEE:project', 'P02'
0 row(s) in 0.0090 seconds

put 'COMPANY', 'E2', 'EMPLOYEE:project', 'P01'
0 row(s) in 0.0070 seconds

put 'COMPANY', 'E2', 'EMPLOYEE:project', 'P02'
0 row(s) in 0.0110 seconds

put 'COMPANY', 'E3', 'EMPLOYEE:project', 'P01'
0 row(s) in 0.0040 seconds

put 'COMPANY', 'E3', 'EMPLOYEE:project', 'P02'
0 row(s) in 0.0070 seconds


put 'COMPANY', 'P1', 'PROJECT:code', 'P01'
0 row(s) in 0.0050 seconds

put 'COMPANY', 'P1', 'PROJECT:title', 'Project Food'
0 row(s) in 0.0060 seconds

put 'COMPANY', 'P1', 'PROJECT:salary', '10000'
0 row(s) in 0.0170 seconds


put 'COMPANY', 'P2', 'PROJECT:code', 'P02'
0 row(s) in 0.0030 seconds

put 'COMPANY', 'P2', 'PROJECT:title', 'Project Drink'
0 row(s) in 0.0080 seconds

put 'COMPANY', 'P2', 'PROJECT:salary', '15000'
0 row(s) in 0.0080 seconds
