HBase Shell; enter 'help<RETURN>' for list of supported commands.
Type "exit<RETURN>" to leave the HBase Shell
Version 1.2.6, rUnknown, Mon May 29 02:25:32 CDT 2017

get 'task2','STUDENT:007',{COLUMN=>'STUDENT:snumber',VERSIONS => 1}
COLUMN  CELL
0 row(s) in 0.6290 seconds


get 'task2', 'SUBMISSION:007:1:312', {COLUMN => ['STUDENT:snumber', 'SUBMISSION:tnumber', 'SUBJECT:code'], VERSIONS => 1}
COLUMN  CELL
0 row(s) in 0.0600 seconds


scan 'task2', {COLUMNS => ['STUDENT:first_name', 'STUDENT:last_name'], VERSIONS => 1}
ROW  COLUMN+CELL
0 row(s) in 0.1230 seconds


scan 'task2', {FILTER => "SingleColumnValueFilter('STUDENT', 'last_name', =, 'binary:Potter')", VERSIONS => 1}
ROW  COLUMN+CELL
 student|007 column=STUDENT:degree, timestamp=1717330270107, value=MIT
 student|007 column=STUDENT:fname, timestamp=1717330269831, value=James
 student|007 column=STUDENT:lname, timestamp=1717330270051, value=Bond
 student|007 column=STUDENT:snumber, timestamp=1717330269812, value=007
 student|666 column=STUDENT:degree, timestamp=1717330270214, value=BCS
 student|666 column=STUDENT:fname, timestamp=1717330270184, value=Harry
 student|666 column=STUDENT:lname, timestamp=1717330270201, value=Potter
 student|666 column=STUDENT:snumber, timestamp=1717330270156, value=666
 subject|312 column=SUBJECT:code, timestamp=1717330270235, value=312
 subject|312 column=SUBJECT:credits, timestamp=1717330270275, value=6
 subject|312 column=SUBJECT:title, timestamp=1717330270258, value=Big Data
 subject|313 column=SUBJECT:code, timestamp=1717330270295, value=313
 subject|313 column=SUBJECT:credits, timestamp=1717330270319, value=12
 subject|313 column=SUBJECT:title, timestamp=1717330270304, value=Very Big Data
 submission|007|312|assignment|1 column=FILES:fnumber1, timestamp=1717330270504, value=path/file-name1-1
 submission|007|312|assignment|1 column=FILES:fnumber2, timestamp=1717330270530, value=path/file-name1-1
 submission|007|312|assignment|1 column=STUDENT:snumber, timestamp=1717330270450, value=007
 submission|007|312|assignment|1 column=SUBJECT:code, timestamp=1717330270493, value=312
 submission|007|312|assignment|1 column=SUBMISSION:dayslate, timestamp=1717330270391, value=0
 submission|007|312|assignment|1 column=SUBMISSION:esignature, timestamp=1717330270366, value=jb
 submission|007|312|assignment|1 column=SUBMISSION:sdate, timestamp=1717330270340, value=01-APR-2017
 submission|007|312|assignment|1 column=SUBMISSION:tnumber, timestamp=1717330270429, value=1
 submission|007|312|assignment|1 column=SUBMISSION:totalfiles, timestamp=1717330270377, value=2
 submission|007|312|assignment|1 column=SUBMISSION:type, timestamp=1717330270406, value=assignment
 submission|007|312|assignment|2 column=FILES:fnumber2, timestamp=1717330270780, value=path/file-name2-2
 submission|007|312|assignment|2 column=FILES:fnumbner1, timestamp=1717330270756, value=path/file-name2-1
 submission|007|312|assignment|2 column=STUDENT:snumber, timestamp=1717330270715, value=007
 submission|007|312|assignment|2 column=SUBJECT:code, timestamp=1717330270742, value=312
 submission|007|312|assignment|2 column=SUBMISSION:dayslate, timestamp=1717330270652, value=0
 submission|007|312|assignment|2 column=SUBMISSION:esignature, timestamp=1717330270587, value=jb
 submission|007|312|assignment|2 column=SUBMISSION:sdate, timestamp=1717330270575, value=02-APR-2017
 submission|007|312|assignment|2 column=SUBMISSION:tnumber, timestamp=1717330270686, value=2
 submission|007|312|assignment|2 column=SUBMISSION:totalfiles, timestamp=1717330270640, value=2
 submission|007|312|assignment|2 column=SUBMISSION:type, timestamp=1717330270675, value=assignment
 submission|007|313|project|1 column=FILES:fnumber1, timestamp=1717330271011, value=path/file-name3-1
 submission|007|313|project|1 column=STUDENT:snumber, timestamp=1717330270939, value=007
 submission|007|313|project|1 column=SUBJECT:code, timestamp=1717330270992, value=313
 submission|007|313|project|1 column=SUBMISSION:dayslate, timestamp=1717330270877, value=0
 submission|007|313|project|1 column=SUBMISSION:esignature, timestamp=1717330270823, value=jb
 submission|007|313|project|1 column=SUBMISSION:sdate, timestamp=1717330270806, value=02-APR-2017
 submission|007|313|project|1 column=SUBMISSION:tnumber, timestamp=1717330270929, value=2
 submission|007|313|project|1 column=SUBMISSION:totalfiles, timestamp=1717330270843, value=2
 submission|007|313|project|1 column=SUBMISSION:type, timestamp=1717330270907, value=project
 submission|666|312|assignment|1 column=FILES:fnumber1, timestamp=1717330271315, value=path/file-name1-1
 submission|666|312|assignment|1 column=FILES:fnumber2, timestamp=1717330271332, value=path/file-name1-1
 submission|666|312|assignment|1 column=STUDENT:snumber, timestamp=1717330271286, value=666
 submission|666|312|assignment|1 column=SUBJECT:code, timestamp=1717330271294, value=312
 submission|666|312|assignment|1 column=SUBMISSION:dayslate, timestamp=1717330271108, value=0
 submission|666|312|assignment|1 column=SUBMISSION:esignature, timestamp=1717330271048, value=hp
 submission|666|312|assignment|1 column=SUBMISSION:sdate, timestamp=1717330271036, value=01-APR-2017
 submission|666|312|assignment|1 column=SUBMISSION:tnumber, timestamp=1717330271218, value=1
 submission|666|312|assignment|1 column=SUBMISSION:totalfiles, timestamp=1717330271074, value=2
 submission|666|312|assignment|1 column=SUBMISSION:type, timestamp=1717330271158, value=assignment
 submission|666|312|assignment|2 column=FILES:fnumber1, timestamp=1717330271493, value=path/file-name2-1
 submission|666|312|assignment|2 column=FILES:fnumber2, timestamp=1717330271522, value=path/file-name2-2
 submission|666|312|assignment|2 column=STUDENT:snumber, timestamp=1717330271456, value=666
 submission|666|312|assignment|2 column=SUBJECT:code, timestamp=1717330271468, value=312
 submission|666|312|assignment|2 column=SUBMISSION:dayslate, timestamp=1717330271408, value=0
 submission|666|312|assignment|2 column=SUBMISSION:esignature, timestamp=1717330271374, value=hp
 submission|666|312|assignment|2 column=SUBMISSION:sdate, timestamp=1717330271349, value=02-APR-2017
 submission|666|312|assignment|2 column=SUBMISSION:tnumber, timestamp=1717330271439, value=2
 submission|666|312|assignment|2 column=SUBMISSION:totalfiles, timestamp=1717330271386, value=2
 submission|666|312|assignment|2 column=SUBMISSION:type, timestamp=1717330271422, value=assignment
 submission|666|313|project|1 column=FILES:fnumber1, timestamp=1717330271668, value=path/file-name3-1
 submission|666|313|project|1 column=STUDENT:snumber, timestamp=1717330271642, value=666
 submission|666|313|project|1 column=SUBJECT:code, timestamp=1717330271661, value=313
 submission|666|313|project|1 column=SUBMISSION:dayslate, timestamp=1717330271605, value=0
 submission|666|313|project|1 column=SUBMISSION:esignature, timestamp=1717330271544, value=hp
 submission|666|313|project|1 column=SUBMISSION:sdate, timestamp=1717330271535, value=02-APR-2017
 submission|666|313|project|1 column=SUBMISSION:tnumber, timestamp=1717330271635, value=2
 submission|666|313|project|1 column=SUBMISSION:totalfiles, timestamp=1717330271592, value=2
 submission|666|313|project|1 column=SUBMISSION:type, timestamp=1717330271614, value=project
10 row(s) in 0.6620 seconds


alter 'task2', {NAME => 'FILES', METHOD => 'delete'}
Updating all regions with the new schema...
0/1 regions updated.
1/1 regions updated.
Done.
0 row(s) in 3.9260 seconds


alter 'task2', {NAME => 'ENROLMENT', VERSIONS => 2}
Updating all regions with the new schema...
1/1 regions updated.
Done.
0 row(s) in 1.9480 seconds


put 'task2', 'E1', 'ENROLMENT:snumber', '007'
0 row(s) in 0.0340 seconds

put 'task2', 'E1', 'ENROLMENT:subject_code', '312'
0 row(s) in 0.0180 seconds

put 'task2', 'E1', 'ENROLMENT:start_date', '2024-01-16'
0 row(s) in 0.0070 seconds


put 'task2', 'E2', 'ENROLMENT:snumber', '666'
0 row(s) in 0.0050 seconds

put 'task2', 'E2', 'ENROLMENT:subject_code', '313'
0 row(s) in 0.0080 seconds

put 'task2', 'E2', 'ENROLMENT:start_date', '2024-02-11'
0 row(s) in 0.0090 seconds


scan 'task2', {COLUMNS => ['ENROLMENT'], VERSIONS => 1}
ROW  COLUMN+CELL
 E1 column=ENROLMENT:snumber, timestamp=1717330945347, value=007
 E1 column=ENROLMENT:start_date, timestamp=1717330945390, value=2024-01-16
 E1 column=ENROLMENT:subject_code, timestamp=1717330945374, value=312
 E2 column=ENROLMENT:snumber, timestamp=1717330945404, value=666
 E2 column=ENROLMENT:start_date, timestamp=1717330945426, value=2024-02-11
 E2 column=ENROLMENT:subject_code, timestamp=1717330945414, value=313
2 row(s) in 0.0120 seconds

alter 'task2', {NAME => 'ENROLMENT', VERSIONS => 3}
Updating all regions with the new schema...
0/1 regions updated.
1/1 regions updated.
Done.
0 row(s) in 2.9460 seconds


disable 'task2'
0 row(s) in 2.2940 seconds

drop 'task2'
0 row(s) in 1.2630 seconds

